[0.061s] DEBUG:colcon:Command line arguments: ['/usr/bin/colcon', 'build', '--packages-select', 'franka_description', 'franka_msgs', 'franka_hardware', 'franka_bringup']
[0.061s] DEBUG:colcon:Parsed command line arguments: Namespace(log_base=None, log_level=None, verb_name='build', build_base='build', install_base='install', merge_install=False, symlink_install=False, test_result_base=None, continue_on_error=False, executor='parallel', parallel_workers=18, event_handlers=None, ignore_user_meta=False, metas=['./colcon.meta'], base_paths=['.'], packages_ignore=None, packages_ignore_regex=None, paths=None, packages_up_to=None, packages_up_to_regex=None, packages_above=None, packages_above_and_dependencies=None, packages_above_depth=None, packages_select_by_dep=None, packages_skip_by_dep=None, packages_skip_up_to=None, packages_select_build_failed=False, packages_skip_build_finished=False, packages_select_test_failures=False, packages_skip_test_passed=False, packages_select=['franka_description', 'franka_msgs', 'franka_hardware', 'franka_bringup'], packages_skip=None, packages_select_regex=None, packages_skip_regex=None, packages_start=None, packages_end=None, allow_overriding=[], cmake_args=None, cmake_target=None, cmake_target_skip_unavailable=False, cmake_clean_cache=False, cmake_clean_first=False, cmake_force_configure=False, ament_cmake_args=None, catkin_cmake_args=None, catkin_skip_building_tests=False, mixin_files=None, mixin=None, verb_parser=<colcon_mixin.mixin.mixin_argument.MixinArgumentDecorator object at 0x78768af80bc0>, verb_extension=<colcon_core.verb.build.BuildVerb object at 0x78768b0e4dd0>, main=<bound method BuildVerb.main of <colcon_core.verb.build.BuildVerb object at 0x78768b0e4dd0>>, mixin_verb=('build',))
[0.084s] Level 1:colcon.colcon_core.package_discovery:discover_packages(colcon_meta) check parameters
[0.084s] Level 1:colcon.colcon_core.package_discovery:discover_packages(recursive) check parameters
[0.084s] Level 1:colcon.colcon_core.package_discovery:discover_packages(ignore) check parameters
[0.084s] Level 1:colcon.colcon_core.package_discovery:discover_packages(path) check parameters
[0.085s] Level 1:colcon.colcon_core.package_discovery:discover_packages(colcon_meta) discover
[0.085s] Level 1:colcon.colcon_core.package_discovery:discover_packages(recursive) discover
[0.085s] INFO:colcon.colcon_core.package_discovery:Crawling recursively for packages in '/home/alex/ros2_ws/src/franka_ros2/franka_semantic_components'
[0.085s] Level 1:colcon.colcon_core.package_identification:_identify(.) by extensions ['ignore', 'ignore_ament_install']
[0.085s] Level 1:colcon.colcon_core.package_identification:_identify(.) by extension 'ignore'
[0.085s] Level 1:colcon.colcon_core.package_identification:_identify(.) by extension 'ignore_ament_install'
[0.085s] Level 1:colcon.colcon_core.package_identification:_identify(.) by extensions ['colcon_pkg']
[0.085s] Level 1:colcon.colcon_core.package_identification:_identify(.) by extension 'colcon_pkg'
[0.085s] Level 1:colcon.colcon_core.package_identification:_identify(.) by extensions ['colcon_meta']
[0.085s] Level 1:colcon.colcon_core.package_identification:_identify(.) by extension 'colcon_meta'
[0.085s] Level 1:colcon.colcon_core.package_identification:_identify(.) by extensions ['ros']
[0.085s] Level 1:colcon.colcon_core.package_identification:_identify(.) by extension 'ros'
[0.103s] DEBUG:colcon.colcon_core.package_identification:Package '.' with type 'ros.ament_cmake' and name 'franka_semantic_components'
[0.103s] Level 1:colcon.colcon_core.package_discovery:discover_packages(recursive) using defaults
[0.103s] Level 1:colcon.colcon_core.package_discovery:discover_packages(ignore) discover
[0.103s] Level 1:colcon.colcon_core.package_discovery:discover_packages(ignore) using defaults
[0.103s] Level 1:colcon.colcon_core.package_discovery:discover_packages(path) discover
[0.103s] Level 1:colcon.colcon_core.package_discovery:discover_packages(path) using defaults
[0.103s] WARNING:colcon.colcon_core.package_selection:ignoring unknown package 'franka_description' in --packages-select
[0.103s] WARNING:colcon.colcon_core.package_selection:ignoring unknown package 'franka_msgs' in --packages-select
[0.103s] WARNING:colcon.colcon_core.package_selection:ignoring unknown package 'franka_hardware' in --packages-select
[0.103s] WARNING:colcon.colcon_core.package_selection:ignoring unknown package 'franka_bringup' in --packages-select
[0.113s] INFO:colcon.colcon_core.package_selection:Skipping not selected package 'franka_semantic_components' in '.'
[0.114s] Level 1:colcon.colcon_core.package_discovery:discover_packages(prefix_path) check parameters
[0.114s] Level 1:colcon.colcon_core.package_discovery:discover_packages(prefix_path) discover
[0.114s] WARNING:colcon.colcon_ros.prefix_path.ament:The path '/home/alex/ros2_ws/install/ur_examples' in the environment variable AMENT_PREFIX_PATH doesn't exist
[0.114s] WARNING:colcon.colcon_ros.prefix_path.ament:The path '/home/alex/ros2_ws/install/ur_bringup' in the environment variable AMENT_PREFIX_PATH doesn't exist
[0.114s] WARNING:colcon.colcon_ros.prefix_path.ament:The path '/home/alex/ros2_ws/install/seek_thermal_ros2' in the environment variable AMENT_PREFIX_PATH doesn't exist
[0.114s] WARNING:colcon.colcon_ros.prefix_path.ament:The path '/home/alex/ros2_ws/install/seek_thermal_driver' in the environment variable AMENT_PREFIX_PATH doesn't exist
[0.114s] WARNING:colcon.colcon_ros.prefix_path.ament:The path '/home/alex/ros2_ws/install/rgt_control' in the environment variable AMENT_PREFIX_PATH doesn't exist
[0.114s] WARNING:colcon.colcon_ros.prefix_path.ament:The path '/home/alex/ros2_ws/install/panda_description' in the environment variable AMENT_PREFIX_PATH doesn't exist
[0.114s] WARNING:colcon.colcon_ros.prefix_path.ament:The path '/home/alex/ros2_ws/install/nex10_hardware_interface' in the environment variable AMENT_PREFIX_PATH doesn't exist
[0.114s] WARNING:colcon.colcon_ros.prefix_path.ament:The path '/home/alex/ros2_ws/install/nex10_examples' in the environment variable AMENT_PREFIX_PATH doesn't exist
[0.114s] WARNING:colcon.colcon_ros.prefix_path.ament:The path '/home/alex/ros2_ws/install/nex10_description' in the environment variable AMENT_PREFIX_PATH doesn't exist
[0.114s] WARNING:colcon.colcon_ros.prefix_path.ament:The path '/home/alex/ros2_ws/install/nex10_bringup' in the environment variable AMENT_PREFIX_PATH doesn't exist
[0.114s] WARNING:colcon.colcon_ros.prefix_path.ament:The path '/home/alex/ros2_ws/install/netft_hardware_interface' in the environment variable AMENT_PREFIX_PATH doesn't exist
[0.114s] WARNING:colcon.colcon_ros.prefix_path.catkin:The path '/home/alex/ros2_ws/install/ur_bringup' in the environment variable CMAKE_PREFIX_PATH doesn't exist
[0.114s] WARNING:colcon.colcon_ros.prefix_path.catkin:The path '/home/alex/ros2_ws/install/seek_thermal_ros2' in the environment variable CMAKE_PREFIX_PATH doesn't exist
[0.114s] WARNING:colcon.colcon_ros.prefix_path.catkin:The path '/home/alex/ros2_ws/install/seek_thermal_driver' in the environment variable CMAKE_PREFIX_PATH doesn't exist
[0.115s] WARNING:colcon.colcon_ros.prefix_path.catkin:The path '/home/alex/ros2_ws/install/panda_description' in the environment variable CMAKE_PREFIX_PATH doesn't exist
[0.115s] WARNING:colcon.colcon_ros.prefix_path.catkin:The path '/home/alex/ros2_ws/install/nex10_hardware_interface' in the environment variable CMAKE_PREFIX_PATH doesn't exist
[0.115s] WARNING:colcon.colcon_ros.prefix_path.catkin:The path '/home/alex/ros2_ws/install/nex10_description' in the environment variable CMAKE_PREFIX_PATH doesn't exist
[0.115s] WARNING:colcon.colcon_ros.prefix_path.catkin:The path '/home/alex/ros2_ws/install/nex10_bringup' in the environment variable CMAKE_PREFIX_PATH doesn't exist
[0.115s] WARNING:colcon.colcon_ros.prefix_path.catkin:The path '/home/alex/ros2_ws/install/netft_hardware_interface' in the environment variable CMAKE_PREFIX_PATH doesn't exist
[0.115s] DEBUG:colcon.colcon_installed_package_information.package_discovery:Found 6 installed packages in /home/alex/ros2_ws/install
[0.116s] DEBUG:colcon.colcon_installed_package_information.package_discovery:Found 338 installed packages in /opt/ros/jazzy
[0.117s] Level 1:colcon.colcon_core.package_discovery:discover_packages(prefix_path) using defaults
[0.140s] INFO:colcon.colcon_core.executor:Executing jobs using 'parallel' executor
[0.141s] DEBUG:colcon.colcon_parallel_executor.executor.parallel:run_until_complete
[0.141s] DEBUG:colcon.colcon_parallel_executor.executor.parallel:closing loop
[0.141s] DEBUG:colcon.colcon_parallel_executor.executor.parallel:loop closed
[0.141s] DEBUG:colcon.colcon_parallel_executor.executor.parallel:run_until_complete finished with '0'
[0.141s] DEBUG:colcon.colcon_core.event_reactor:joining thread
[0.141s] DEBUG:colcon.colcon_core.event_reactor:joined thread
[0.142s] INFO:colcon.colcon_core.plugin_system:Skipping extension 'colcon_core.shell.bat': Not used on non-Windows systems
[0.142s] INFO:colcon.colcon_core.shell:Creating prefix script '/home/alex/ros2_ws/src/franka_ros2/franka_semantic_components/install/local_setup.ps1'
[0.143s] INFO:colcon.colcon_core.shell:Creating prefix util module '/home/alex/ros2_ws/src/franka_ros2/franka_semantic_components/install/_local_setup_util_ps1.py'
[0.143s] INFO:colcon.colcon_core.shell:Creating prefix chain script '/home/alex/ros2_ws/src/franka_ros2/franka_semantic_components/install/setup.ps1'
[0.144s] INFO:colcon.colcon_core.shell:Creating prefix script '/home/alex/ros2_ws/src/franka_ros2/franka_semantic_components/install/local_setup.sh'
[0.144s] INFO:colcon.colcon_core.shell:Creating prefix util module '/home/alex/ros2_ws/src/franka_ros2/franka_semantic_components/install/_local_setup_util_sh.py'
[0.145s] INFO:colcon.colcon_core.shell:Creating prefix chain script '/home/alex/ros2_ws/src/franka_ros2/franka_semantic_components/install/setup.sh'
[0.145s] INFO:colcon.colcon_core.shell:Creating prefix script '/home/alex/ros2_ws/src/franka_ros2/franka_semantic_components/install/local_setup.bash'
[0.145s] INFO:colcon.colcon_core.shell:Creating prefix chain script '/home/alex/ros2_ws/src/franka_ros2/franka_semantic_components/install/setup.bash'
[0.146s] INFO:colcon.colcon_core.shell:Creating prefix script '/home/alex/ros2_ws/src/franka_ros2/franka_semantic_components/install/local_setup.zsh'
[0.146s] INFO:colcon.colcon_core.shell:Creating prefix chain script '/home/alex/ros2_ws/src/franka_ros2/franka_semantic_components/install/setup.zsh'
